2025-03-29 17:48:35 [[32minfo[39m] Servidor rodando na porta 8000
2025-03-29 17:48:35 [[32minfo[39m] Conectado ao banco via Sequelize
2025-03-29 17:50:28 [[32minfo[39m] Servidor rodando na porta 8000
2025-03-29 17:50:28 [[32minfo[39m] Conectado ao banco via Sequelize
2025-03-29 17:54:08 [[32minfo[39m] Servidor rodando na porta 8000
2025-03-29 17:54:08 [[32minfo[39m] Conectado ao banco via Sequelize
2025-03-29 17:54:10 [[31merror[39m] ForbiddenError: invalid csrf token
    at csrf (C:\Users\sousa\Projects\serverdatabase\node_modules\csurf\index.js:112:19)
    at Layer.handle [as handle_request] (C:\Users\sousa\Projects\serverdatabase\node_modules\express\lib\router\layer.js:95:5)
    at trim_prefix (C:\Users\sousa\Projects\serverdatabase\node_modules\express\lib\router\index.js:328:13)
    at C:\Users\sousa\Projects\serverdatabase\node_modules\express\lib\router\index.js:286:9
    at Function.process_params (C:\Users\sousa\Projects\serverdatabase\node_modules\express\lib\router\index.js:346:12)
    at next (C:\Users\sousa\Projects\serverdatabase\node_modules\express\lib\router\index.js:280:10)
    at cookieParser (C:\Users\sousa\Projects\serverdatabase\node_modules\cookie-parser\index.js:71:5)
    at Layer.handle [as handle_request] (C:\Users\sousa\Projects\serverdatabase\node_modules\express\lib\router\layer.js:95:5)
    at trim_prefix (C:\Users\sousa\Projects\serverdatabase\node_modules\express\lib\router\index.js:328:13)
    at C:\Users\sousa\Projects\serverdatabase\node_modules\express\lib\router\index.js:286:9
2025-03-29 17:54:21 [[32minfo[39m] Servidor rodando na porta 8000
2025-03-29 17:54:21 [[32minfo[39m] Conectado ao banco via Sequelize
2025-03-29 17:54:41 [[31merror[39m] ForbiddenError: invalid csrf token
    at csrf (C:\Users\sousa\Projects\serverdatabase\node_modules\csurf\index.js:112:19)
    at Layer.handle [as handle_request] (C:\Users\sousa\Projects\serverdatabase\node_modules\express\lib\router\layer.js:95:5)
    at trim_prefix (C:\Users\sousa\Projects\serverdatabase\node_modules\express\lib\router\index.js:328:13)
    at C:\Users\sousa\Projects\serverdatabase\node_modules\express\lib\router\index.js:286:9
    at Function.process_params (C:\Users\sousa\Projects\serverdatabase\node_modules\express\lib\router\index.js:346:12)
    at next (C:\Users\sousa\Projects\serverdatabase\node_modules\express\lib\router\index.js:280:10)
    at cookieParser (C:\Users\sousa\Projects\serverdatabase\node_modules\cookie-parser\index.js:71:5)
    at Layer.handle [as handle_request] (C:\Users\sousa\Projects\serverdatabase\node_modules\express\lib\router\layer.js:95:5)
    at trim_prefix (C:\Users\sousa\Projects\serverdatabase\node_modules\express\lib\router\index.js:328:13)
    at C:\Users\sousa\Projects\serverdatabase\node_modules\express\lib\router\index.js:286:9
2025-03-29 17:55:41 [[32minfo[39m] Servidor rodando na porta 8000
2025-03-29 17:55:41 [[32minfo[39m] Conectado ao banco via Sequelize
2025-03-29 17:55:43 [[31merror[39m] ForbiddenError: invalid csrf token
    at csrf (C:\Users\sousa\Projects\serverdatabase\node_modules\csurf\index.js:112:19)
    at Layer.handle [as handle_request] (C:\Users\sousa\Projects\serverdatabase\node_modules\express\lib\router\layer.js:95:5)
    at trim_prefix (C:\Users\sousa\Projects\serverdatabase\node_modules\express\lib\router\index.js:328:13)
    at C:\Users\sousa\Projects\serverdatabase\node_modules\express\lib\router\index.js:286:9
    at Function.process_params (C:\Users\sousa\Projects\serverdatabase\node_modules\express\lib\router\index.js:346:12)
    at next (C:\Users\sousa\Projects\serverdatabase\node_modules\express\lib\router\index.js:280:10)
    at cookieParser (C:\Users\sousa\Projects\serverdatabase\node_modules\cookie-parser\index.js:71:5)
    at Layer.handle [as handle_request] (C:\Users\sousa\Projects\serverdatabase\node_modules\express\lib\router\layer.js:95:5)
    at trim_prefix (C:\Users\sousa\Projects\serverdatabase\node_modules\express\lib\router\index.js:328:13)
    at C:\Users\sousa\Projects\serverdatabase\node_modules\express\lib\router\index.js:286:9
2025-03-29 17:55:55 [[31merror[39m] ForbiddenError: invalid csrf token
    at csrf (C:\Users\sousa\Projects\serverdatabase\node_modules\csurf\index.js:112:19)
    at Layer.handle [as handle_request] (C:\Users\sousa\Projects\serverdatabase\node_modules\express\lib\router\layer.js:95:5)
    at trim_prefix (C:\Users\sousa\Projects\serverdatabase\node_modules\express\lib\router\index.js:328:13)
    at C:\Users\sousa\Projects\serverdatabase\node_modules\express\lib\router\index.js:286:9
    at Function.process_params (C:\Users\sousa\Projects\serverdatabase\node_modules\express\lib\router\index.js:346:12)
    at next (C:\Users\sousa\Projects\serverdatabase\node_modules\express\lib\router\index.js:280:10)
    at cookieParser (C:\Users\sousa\Projects\serverdatabase\node_modules\cookie-parser\index.js:71:5)
    at Layer.handle [as handle_request] (C:\Users\sousa\Projects\serverdatabase\node_modules\express\lib\router\layer.js:95:5)
    at trim_prefix (C:\Users\sousa\Projects\serverdatabase\node_modules\express\lib\router\index.js:328:13)
    at C:\Users\sousa\Projects\serverdatabase\node_modules\express\lib\router\index.js:286:9
2025-03-29 17:57:12 [[32minfo[39m] Servidor rodando na porta 8000
2025-03-29 17:57:12 [[32minfo[39m] Conectado ao banco via Sequelize
2025-03-29 17:57:22 [[31merror[39m] ForbiddenError: invalid csrf token
    at csrf (C:\Users\sousa\Projects\serverdatabase\node_modules\csurf\index.js:112:19)
    at Layer.handle [as handle_request] (C:\Users\sousa\Projects\serverdatabase\node_modules\express\lib\router\layer.js:95:5)
    at trim_prefix (C:\Users\sousa\Projects\serverdatabase\node_modules\express\lib\router\index.js:328:13)
    at C:\Users\sousa\Projects\serverdatabase\node_modules\express\lib\router\index.js:286:9
    at Function.process_params (C:\Users\sousa\Projects\serverdatabase\node_modules\express\lib\router\index.js:346:12)
    at next (C:\Users\sousa\Projects\serverdatabase\node_modules\express\lib\router\index.js:280:10)
    at cookieParser (C:\Users\sousa\Projects\serverdatabase\node_modules\cookie-parser\index.js:71:5)
    at Layer.handle [as handle_request] (C:\Users\sousa\Projects\serverdatabase\node_modules\express\lib\router\layer.js:95:5)
    at trim_prefix (C:\Users\sousa\Projects\serverdatabase\node_modules\express\lib\router\index.js:328:13)
    at C:\Users\sousa\Projects\serverdatabase\node_modules\express\lib\router\index.js:286:9
2025-03-29 17:58:56 [[32minfo[39m] Servidor rodando na porta 8000
2025-03-29 17:58:56 [[32minfo[39m] Conectado ao banco via Sequelize
2025-03-29 17:58:58 [[31merror[39m] ForbiddenError: invalid csrf token
    at csrf (C:\Users\sousa\Projects\serverdatabase\node_modules\csurf\index.js:112:19)
    at Layer.handle [as handle_request] (C:\Users\sousa\Projects\serverdatabase\node_modules\express\lib\router\layer.js:95:5)
    at trim_prefix (C:\Users\sousa\Projects\serverdatabase\node_modules\express\lib\router\index.js:328:13)
    at C:\Users\sousa\Projects\serverdatabase\node_modules\express\lib\router\index.js:286:9
    at Function.process_params (C:\Users\sousa\Projects\serverdatabase\node_modules\express\lib\router\index.js:346:12)
    at next (C:\Users\sousa\Projects\serverdatabase\node_modules\express\lib\router\index.js:280:10)
    at C:\Users\sousa\Projects\serverdatabase\api\index.js:37:3
    at Layer.handle [as handle_request] (C:\Users\sousa\Projects\serverdatabase\node_modules\express\lib\router\layer.js:95:5)
    at trim_prefix (C:\Users\sousa\Projects\serverdatabase\node_modules\express\lib\router\index.js:328:13)
    at C:\Users\sousa\Projects\serverdatabase\node_modules\express\lib\router\index.js:286:9
2025-03-29 17:59:37 [[31merror[39m] ForbiddenError: invalid csrf token
    at csrf (C:\Users\sousa\Projects\serverdatabase\node_modules\csurf\index.js:112:19)
    at Layer.handle [as handle_request] (C:\Users\sousa\Projects\serverdatabase\node_modules\express\lib\router\layer.js:95:5)
    at trim_prefix (C:\Users\sousa\Projects\serverdatabase\node_modules\express\lib\router\index.js:328:13)
    at C:\Users\sousa\Projects\serverdatabase\node_modules\express\lib\router\index.js:286:9
    at Function.process_params (C:\Users\sousa\Projects\serverdatabase\node_modules\express\lib\router\index.js:346:12)
    at next (C:\Users\sousa\Projects\serverdatabase\node_modules\express\lib\router\index.js:280:10)
    at C:\Users\sousa\Projects\serverdatabase\api\index.js:37:3
    at Layer.handle [as handle_request] (C:\Users\sousa\Projects\serverdatabase\node_modules\express\lib\router\layer.js:95:5)
    at trim_prefix (C:\Users\sousa\Projects\serverdatabase\node_modules\express\lib\router\index.js:328:13)
    at C:\Users\sousa\Projects\serverdatabase\node_modules\express\lib\router\index.js:286:9
2025-03-29 18:00:15 [[31merror[39m] ForbiddenError: invalid csrf token
    at csrf (C:\Users\sousa\Projects\serverdatabase\node_modules\csurf\index.js:112:19)
    at Layer.handle [as handle_request] (C:\Users\sousa\Projects\serverdatabase\node_modules\express\lib\router\layer.js:95:5)
    at trim_prefix (C:\Users\sousa\Projects\serverdatabase\node_modules\express\lib\router\index.js:328:13)
    at C:\Users\sousa\Projects\serverdatabase\node_modules\express\lib\router\index.js:286:9
    at Function.process_params (C:\Users\sousa\Projects\serverdatabase\node_modules\express\lib\router\index.js:346:12)
    at next (C:\Users\sousa\Projects\serverdatabase\node_modules\express\lib\router\index.js:280:10)
    at C:\Users\sousa\Projects\serverdatabase\api\index.js:37:3
    at Layer.handle [as handle_request] (C:\Users\sousa\Projects\serverdatabase\node_modules\express\lib\router\layer.js:95:5)
    at trim_prefix (C:\Users\sousa\Projects\serverdatabase\node_modules\express\lib\router\index.js:328:13)
    at C:\Users\sousa\Projects\serverdatabase\node_modules\express\lib\router\index.js:286:9
2025-03-29 18:25:53 [[32minfo[39m] Servidor rodando na porta 8000
2025-03-29 18:25:53 [[32minfo[39m] Conectado ao banco via Sequelize
2025-03-29 18:26:13 [[31merror[39m] ForbiddenError: invalid csrf token
    at csrf (C:\Users\sousa\Projects\serverdatabase\node_modules\csurf\index.js:112:19)
    at Layer.handle [as handle_request] (C:\Users\sousa\Projects\serverdatabase\node_modules\express\lib\router\layer.js:95:5)
    at trim_prefix (C:\Users\sousa\Projects\serverdatabase\node_modules\express\lib\router\index.js:328:13)
    at C:\Users\sousa\Projects\serverdatabase\node_modules\express\lib\router\index.js:286:9
    at Function.process_params (C:\Users\sousa\Projects\serverdatabase\node_modules\express\lib\router\index.js:346:12)
    at next (C:\Users\sousa\Projects\serverdatabase\node_modules\express\lib\router\index.js:280:10)
    at cookieParser (C:\Users\sousa\Projects\serverdatabase\node_modules\cookie-parser\index.js:71:5)
    at Layer.handle [as handle_request] (C:\Users\sousa\Projects\serverdatabase\node_modules\express\lib\router\layer.js:95:5)
    at trim_prefix (C:\Users\sousa\Projects\serverdatabase\node_modules\express\lib\router\index.js:328:13)
    at C:\Users\sousa\Projects\serverdatabase\node_modules\express\lib\router\index.js:286:9
2025-03-29 18:28:43 [[32minfo[39m] Servidor rodando na porta 8000
2025-03-29 18:28:43 [[32minfo[39m] Conectado ao banco via Sequelize
2025-03-29 18:28:47 [[31merror[39m] ForbiddenError: invalid csrf token
    at csrf (C:\Users\sousa\Projects\serverdatabase\node_modules\csurf\index.js:112:19)
    at Layer.handle [as handle_request] (C:\Users\sousa\Projects\serverdatabase\node_modules\express\lib\router\layer.js:95:5)
    at trim_prefix (C:\Users\sousa\Projects\serverdatabase\node_modules\express\lib\router\index.js:328:13)
    at C:\Users\sousa\Projects\serverdatabase\node_modules\express\lib\router\index.js:286:9
    at Function.process_params (C:\Users\sousa\Projects\serverdatabase\node_modules\express\lib\router\index.js:346:12)
    at next (C:\Users\sousa\Projects\serverdatabase\node_modules\express\lib\router\index.js:280:10)
    at C:\Users\sousa\Projects\serverdatabase\node_modules\body-parser\lib\read.js:137:5
    at AsyncResource.runInAsyncScope (node:async_hooks:206:9)
    at invokeCallback (C:\Users\sousa\Projects\serverdatabase\node_modules\raw-body\index.js:238:16)
    at done (C:\Users\sousa\Projects\serverdatabase\node_modules\raw-body\index.js:227:7)
2025-03-29 18:31:28 [[32minfo[39m] Servidor rodando na porta 8000
2025-03-29 18:31:28 [[32minfo[39m] Conectado ao banco via Sequelize
2025-03-29 19:55:38 [[32minfo[39m] Servidor rodando na porta 8000
2025-03-29 19:55:38 [[32minfo[39m] Conectado ao banco via Sequelize
2025-03-29 20:55:20 [[32minfo[39m] Servidor rodando na porta 8000
2025-03-29 20:55:20 [[32minfo[39m] Conectado ao banco via Sequelize
2025-03-31 15:31:58 [[32minfo[39m] Servidor rodando na porta 8000
2025-03-31 15:31:58 [[32minfo[39m] Conectado ao banco via Sequelize
2025-03-31 15:33:50 [[31merror[39m] ForbiddenError: invalid csrf token
    at csrf (C:\Users\sousa\Projects\serverdatabase\node_modules\csurf\index.js:112:19)
    at Layer.handle [as handle_request] (C:\Users\sousa\Projects\serverdatabase\node_modules\express\lib\router\layer.js:95:5)
    at trim_prefix (C:\Users\sousa\Projects\serverdatabase\node_modules\express\lib\router\index.js:328:13)
    at C:\Users\sousa\Projects\serverdatabase\node_modules\express\lib\router\index.js:286:9
    at Function.process_params (C:\Users\sousa\Projects\serverdatabase\node_modules\express\lib\router\index.js:346:12)
    at next (C:\Users\sousa\Projects\serverdatabase\node_modules\express\lib\router\index.js:280:10)
    at jsonParser (C:\Users\sousa\Projects\serverdatabase\node_modules\body-parser\lib\types\json.js:122:7)
    at Layer.handle [as handle_request] (C:\Users\sousa\Projects\serverdatabase\node_modules\express\lib\router\layer.js:95:5)
    at trim_prefix (C:\Users\sousa\Projects\serverdatabase\node_modules\express\lib\router\index.js:328:13)
    at C:\Users\sousa\Projects\serverdatabase\node_modules\express\lib\router\index.js:286:9
2025-03-31 15:35:37 [[32minfo[39m] Servidor rodando na porta 8000
2025-03-31 15:35:37 [[32minfo[39m] Conectado ao banco via Sequelize
2025-03-31 15:41:03 [[32minfo[39m] Servidor rodando na porta 8000
2025-03-31 15:41:03 [[32minfo[39m] Conectado ao banco via Sequelize
2025-04-01 20:52:49 [[32minfo[39m] Servidor rodando na porta 8000
2025-04-01 20:52:49 [[32minfo[39m] Conectado ao banco via Sequelize
2025-04-01 20:56:15 [[32minfo[39m] Servidor rodando na porta 8000
2025-04-01 20:56:17 [[32minfo[39m] Conectado ao banco via Sequelize
2025-04-02 20:39:32 [[32minfo[39m] Servidor rodando na porta 8000
2025-04-02 20:39:34 [[32minfo[39m] Conectado ao banco via Sequelize
2025-04-02 20:44:53 [[32minfo[39m] Servidor rodando na porta 8000
2025-04-02 20:44:56 [[32minfo[39m] Conectado ao banco via Sequelize
2025-04-02 21:16:39 [[32minfo[39m] Servidor rodando na porta 8000
2025-04-02 21:16:41 [[32minfo[39m] Conectado ao banco via Sequelize
2025-04-02 21:23:30 [[32minfo[39m] Servidor rodando na porta 8000
2025-04-02 21:23:33 [[32minfo[39m] Conectado ao banco via Sequelize
2025-04-02 21:24:21 [[32minfo[39m] Servidor rodando na porta 8000
2025-04-02 21:24:23 [[32minfo[39m] Conectado ao banco via Sequelize
2025-04-02 21:27:48 [[32minfo[39m] Servidor rodando na porta 8000
2025-04-02 21:27:51 [[32minfo[39m] Conectado ao banco via Sequelize
2025-04-03 13:38:29 [[32minfo[39m] Servidor rodando na porta 8000
2025-04-03 13:38:32 [[32minfo[39m] Conectado ao banco via Sequelize
2025-04-03 13:44:30 [[32minfo[39m] Servidor rodando na porta 8000
2025-04-03 13:44:33 [[32minfo[39m] Conectado ao banco via Sequelize
2025-04-03 13:47:13 [[32minfo[39m] Servidor rodando na porta 8000
2025-04-03 13:47:16 [[32minfo[39m] Conectado ao banco via Sequelize
2025-04-03 13:48:17 [[32minfo[39m] Servidor rodando na porta 8000
2025-04-03 13:48:19 [[32minfo[39m] Conectado ao banco via Sequelize
2025-04-03 13:49:16 [[32minfo[39m] Servidor rodando na porta 8000
2025-04-03 13:49:19 [[32minfo[39m] Conectado ao banco via Sequelize
2025-04-03 13:53:06 [[32minfo[39m] Servidor rodando na porta 8000
2025-04-03 13:53:08 [[32minfo[39m] Conectado ao banco via Sequelize
2025-04-03 13:54:45 [[32minfo[39m] Servidor rodando na porta 8000
2025-04-03 13:54:48 [[32minfo[39m] Conectado ao banco via Sequelize
2025-04-03 13:55:03 [[32minfo[39m] Servidor rodando na porta 8000
2025-04-03 13:55:05 [[32minfo[39m] Conectado ao banco via Sequelize
2025-04-03 13:55:47 [[32minfo[39m] Servidor rodando na porta 8000
2025-04-03 13:55:49 [[32minfo[39m] Conectado ao banco via Sequelize
2025-04-03 13:56:52 [[32minfo[39m] Servidor rodando na porta 8000
2025-04-03 13:56:54 [[32minfo[39m] Conectado ao banco via Sequelize
2025-04-03 14:18:57 [[32minfo[39m] Servidor rodando na porta 8000
2025-04-03 14:18:59 [[32minfo[39m] Conectado ao banco via Sequelize
2025-04-03 14:20:50 [[32minfo[39m] Servidor rodando na porta 8000
2025-04-03 14:20:52 [[32minfo[39m] Conectado ao banco via Sequelize
2025-04-03 14:24:28 [[32minfo[39m] Servidor rodando na porta 8000
2025-04-03 14:24:31 [[32minfo[39m] Conectado ao banco via Sequelize
2025-04-03 15:10:16 [[32minfo[39m] Servidor rodando na porta 8000
2025-04-03 15:10:19 [[32minfo[39m] Conectado ao banco via Sequelize
2025-04-03 18:53:48 [[32minfo[39m] Servidor rodando na porta 8000
2025-04-03 18:53:51 [[32minfo[39m] Conectado ao banco via Sequelize
2025-04-03 21:39:45 [[32minfo[39m] Servidor rodando na porta 8000
2025-04-03 21:39:48 [[32minfo[39m] Conectado ao banco via Sequelize
2025-04-03 21:41:22 [[32minfo[39m] Servidor rodando na porta 8000
2025-04-03 21:41:24 [[32minfo[39m] Conectado ao banco via Sequelize
2025-04-03 21:43:01 [[32minfo[39m] Servidor rodando na porta 8000
2025-04-03 21:43:03 [[32minfo[39m] Conectado ao banco via Sequelize
2025-04-03 21:45:22 [[32minfo[39m] Servidor rodando na porta 8000
2025-04-03 21:45:25 [[32minfo[39m] Conectado ao banco via Sequelize
2025-04-03 21:56:33 [[32minfo[39m] Servidor rodando na porta 8000
2025-04-03 21:56:36 [[32minfo[39m] Conectado ao banco via Sequelize
2025-04-03 21:58:44 [[32minfo[39m] Servidor rodando na porta 8000
2025-04-03 21:58:47 [[32minfo[39m] Conectado ao banco via Sequelize
2025-04-03 22:01:58 [[32minfo[39m] Servidor rodando na porta 8000
2025-04-03 22:02:01 [[32minfo[39m] Conectado ao banco via Sequelize
